<?xml version="1.0" encoding="UTF-8"?>
<!-- Generated by org.testng.reporters.JUnitReportReporter -->
<testsuite hostname="carlos-IdeaPad-1-15IAU7" failures="0" tests="2" name="usersApiTest.SerTest" time="2.943" errors="0" timestamp="2024-03-18T10:37:20 BRT" skipped="0">
  <testcase classname="usersApiTest.SerTest" name="getTest" time="2.272"/>
  <system-out/>
  <testcase classname="usersApiTest.SerTest" name="postTest" time="0.671"/>
  <system-out/>
</testsuite> <!-- usersApiTest.SerTest -->
